5491131974050:ENCOLADO ans_6427d31a-6ab3-45d8-80a2-e35bb7f5e9df
5491131974050:EJECUTANDO
5491131974050:ERROR: {}
5491131974050:ENCOLADO ans_cba86b10-27b8-45c0-bb62-3b00f45c1f99
5491131974050:EJECUTANDO
5491131974050:ENCOLADO ans_5e5495dc-0d2e-4c75-adaa-a4772d505bfb
5491131974050:ENCOLADO ans_cba86b10-27b8-45c0-bb62-3b00f45c1f99
5491131974050:ENCOLADO ans_6427d31a-6ab3-45d8-80a2-e35bb7f5e9df
5491131974050:EJECUTANDO
5491131974050:ERROR: {}
5491131974050:SUCCESS
5491131974050:ENCOLADO ans_ce6a2e3e-488b-499b-8fcc-6c026d97b2ae
5491131974050:EJECUTANDO
5491131974050:ERROR: "cancelled"
5491131974050:ERROR: "cancelled"
5491131974050:ENCOLADO ans_5e5495dc-0d2e-4c75-adaa-a4772d505bfb
5491131974050:EJECUTANDO
5491131974050:SUCCESS
5491131974050:SUCCESS
5491131974050:ENCOLADO ans_9f71818e-b3d4-464f-8e74-47840b9b1a9d
5491131974050:EJECUTANDO
5491131974050:ENCOLADO ans_5e5495dc-0d2e-4c75-adaa-a4772d505bfb
5491131974050:EJECUTANDO
5491131974050:SUCCESS
5491131974050:SUCCESS
5491131974050:ENCOLADO ans_3d5a4139-cbef-4761-96c5-c589911de529
5491131974050:EJECUTANDO
5491131974050:ENCOLADO ans_5e5495dc-0d2e-4c75-adaa-a4772d505bfb
5491131974050:EJECUTANDO
5491131974050:SUCCESS
5491131974050:SUCCESS
5491131974050:ENCOLADO ans_4e123b17-42a9-4b20-bbd4-87017ad762f9
5491131974050:EJECUTANDO
5491131974050:SUCCESS
5491131974050:ENCOLADO ans_a800ae24-27ad-47cc-b6d3-196ff2f72d86
5491131974050:EJECUTANDO
5491131974050:SUCCESS
5491131974050:ENCOLADO ans_6427d31a-6ab3-45d8-80a2-e35bb7f5e9df
5491131974050:EJECUTANDO
5491131974050:SUCCESS
5491131974050:ENCOLADO ans_5e5495dc-0d2e-4c75-adaa-a4772d505bfb
5491131974050:EJECUTANDO
5491131974050:SUCCESS
5491131974050:ENCOLADO ans_a800ae24-27ad-47cc-b6d3-196ff2f72d86
5491131974050:EJECUTANDO
5491131974050:SUCCESS
5491131974050:ENCOLADO ans_6427d31a-6ab3-45d8-80a2-e35bb7f5e9df
5491131974050:EJECUTANDO
5491131974050:SUCCESS
5491131974050:ENCOLADO ans_5e5495dc-0d2e-4c75-adaa-a4772d505bfb
5491131974050:EJECUTANDO
5491131974050:SUCCESS
5491131974050:ENCOLADO ans_a800ae24-27ad-47cc-b6d3-196ff2f72d86
5491131974050:EJECUTANDO
5491131974050:SUCCESS
5491131974050:ENCOLADO ans_6427d31a-6ab3-45d8-80a2-e35bb7f5e9df
5491131974050:EJECUTANDO
5491131974050:SUCCESS
5491131974050:ENCOLADO ans_5e5495dc-0d2e-4c75-adaa-a4772d505bfb
5491131974050:EJECUTANDO
5491131974050:SUCCESS
5491131974050:ENCOLADO ans_a800ae24-27ad-47cc-b6d3-196ff2f72d86
5491131974050:EJECUTANDO
5491131974050:SUCCESS
